{"/Users/zhl/Desktop/R27_Class/W6-Node-Express/express-lunchly/app.js": {"path":"/Users/zhl/Desktop/R27_Class/W6-Node-Express/express-lunchly/app.js","statementMap":{"0":{"start":{"line":5,"column":16},"end":{"line":5,"column":34}},"1":{"start":{"line":6,"column":17},"end":{"line":6,"column":36}},"2":{"start":{"line":7,"column":19},"end":{"line":7,"column":41}},"3":{"start":{"line":8,"column":15},"end":{"line":8,"column":34}},"4":{"start":{"line":9,"column":26},"end":{"line":9,"column":51}},"5":{"start":{"line":11,"column":12},"end":{"line":11,"column":25}},"6":{"start":{"line":14,"column":0},"end":{"line":14,"column":33}},"7":{"start":{"line":15,"column":0},"end":{"line":15,"column":27}},"8":{"start":{"line":17,"column":0},"end":{"line":20,"column":3}},"9":{"start":{"line":22,"column":0},"end":{"line":22,"column":16}},"10":{"start":{"line":26,"column":0},"end":{"line":28,"column":3}},"11":{"start":{"line":27,"column":2},"end":{"line":27,"column":28}},"12":{"start":{"line":31,"column":0},"end":{"line":36,"column":3}},"13":{"start":{"line":32,"column":17},"end":{"line":32,"column":34}},"14":{"start":{"line":33,"column":18},"end":{"line":33,"column":29}},"15":{"start":{"line":34,"column":2},"end":{"line":34,"column":72}},"16":{"start":{"line":34,"column":39},"end":{"line":34,"column":72}},"17":{"start":{"line":35,"column":2},"end":{"line":35,"column":65}},"18":{"start":{"line":39,"column":0},"end":{"line":39,"column":21}}},"fnMap":{"0":{"name":"(anonymous_0)","decl":{"start":{"line":26,"column":8},"end":{"line":26,"column":9}},"loc":{"start":{"line":26,"column":34},"end":{"line":28,"column":1}},"line":26},"1":{"name":"(anonymous_1)","decl":{"start":{"line":31,"column":8},"end":{"line":31,"column":9}},"loc":{"start":{"line":31,"column":39},"end":{"line":36,"column":1}},"line":31}},"branchMap":{"0":{"loc":{"start":{"line":32,"column":17},"end":{"line":32,"column":34}},"type":"binary-expr","locations":[{"start":{"line":32,"column":17},"end":{"line":32,"column":27}},{"start":{"line":32,"column":31},"end":{"line":32,"column":34}}],"line":32},"1":{"loc":{"start":{"line":34,"column":2},"end":{"line":34,"column":72}},"type":"if","locations":[{"start":{"line":34,"column":2},"end":{"line":34,"column":72}},{"start":{},"end":{}}],"line":34}},"s":{"0":1,"1":1,"2":1,"3":1,"4":1,"5":1,"6":1,"7":1,"8":1,"9":1,"10":1,"11":0,"12":1,"13":6,"14":6,"15":6,"16":0,"17":6,"18":1},"f":{"0":0,"1":6},"b":{"0":[6,3],"1":[0,6]},"_coverageSchema":"1a1c01bbd47fc00a2c39e90264f33305004495a9","hash":"a8ef06aa46e55430f711c6562a70d0df9767eb2d"}
,"/Users/zhl/Desktop/R27_Class/W6-Node-Express/express-lunchly/db.js": {"path":"/Users/zhl/Desktop/R27_Class/W6-Node-Express/express-lunchly/db.js","statementMap":{"0":{"start":{"line":5,"column":19},"end":{"line":5,"column":32}},"1":{"start":{"line":7,"column":15},"end":{"line":9,"column":29}},"2":{"start":{"line":11,"column":9},"end":{"line":13,"column":2}},"3":{"start":{"line":15,"column":0},"end":{"line":15,"column":13}},"4":{"start":{"line":18,"column":0},"end":{"line":18,"column":20}}},"fnMap":{},"branchMap":{"0":{"loc":{"start":{"line":7,"column":15},"end":{"line":9,"column":29}},"type":"cond-expr","locations":[{"start":{"line":8,"column":6},"end":{"line":8,"column":34}},{"start":{"line":9,"column":6},"end":{"line":9,"column":29}}],"line":7}},"s":{"0":3,"1":3,"2":3,"3":3,"4":3},"f":{},"b":{"0":[3,0]},"_coverageSchema":"1a1c01bbd47fc00a2c39e90264f33305004495a9","hash":"092de8159d694c1f5d4496a2a45ee663b664e598"}
,"/Users/zhl/Desktop/R27_Class/W6-Node-Express/express-lunchly/expressError.js": {"path":"/Users/zhl/Desktop/R27_Class/W6-Node-Express/express-lunchly/expressError.js","statementMap":{"0":{"start":{"line":9,"column":4},"end":{"line":9,"column":12}},"1":{"start":{"line":10,"column":4},"end":{"line":10,"column":27}},"2":{"start":{"line":11,"column":4},"end":{"line":11,"column":25}},"3":{"start":{"line":19,"column":4},"end":{"line":19,"column":24}},"4":{"start":{"line":27,"column":4},"end":{"line":27,"column":24}},"5":{"start":{"line":35,"column":4},"end":{"line":35,"column":24}},"6":{"start":{"line":43,"column":4},"end":{"line":43,"column":24}},"7":{"start":{"line":47,"column":0},"end":{"line":53,"column":2}}},"fnMap":{"0":{"name":"(anonymous_0)","decl":{"start":{"line":8,"column":2},"end":{"line":8,"column":3}},"loc":{"start":{"line":8,"column":31},"end":{"line":12,"column":3}},"line":8},"1":{"name":"(anonymous_1)","decl":{"start":{"line":18,"column":2},"end":{"line":18,"column":3}},"loc":{"start":{"line":18,"column":37},"end":{"line":20,"column":3}},"line":18},"2":{"name":"(anonymous_2)","decl":{"start":{"line":26,"column":2},"end":{"line":26,"column":3}},"loc":{"start":{"line":26,"column":40},"end":{"line":28,"column":3}},"line":26},"3":{"name":"(anonymous_3)","decl":{"start":{"line":34,"column":2},"end":{"line":34,"column":3}},"loc":{"start":{"line":34,"column":39},"end":{"line":36,"column":3}},"line":34},"4":{"name":"(anonymous_4)","decl":{"start":{"line":42,"column":2},"end":{"line":42,"column":3}},"loc":{"start":{"line":42,"column":39},"end":{"line":44,"column":3}},"line":42}},"branchMap":{"0":{"loc":{"start":{"line":18,"column":14},"end":{"line":18,"column":35}},"type":"default-arg","locations":[{"start":{"line":18,"column":24},"end":{"line":18,"column":35}}],"line":18},"1":{"loc":{"start":{"line":26,"column":14},"end":{"line":26,"column":38}},"type":"default-arg","locations":[{"start":{"line":26,"column":24},"end":{"line":26,"column":38}}],"line":26},"2":{"loc":{"start":{"line":34,"column":14},"end":{"line":34,"column":37}},"type":"default-arg","locations":[{"start":{"line":34,"column":24},"end":{"line":34,"column":37}}],"line":34},"3":{"loc":{"start":{"line":42,"column":14},"end":{"line":42,"column":37}},"type":"default-arg","locations":[{"start":{"line":42,"column":24},"end":{"line":42,"column":37}}],"line":42}},"s":{"0":0,"1":0,"2":0,"3":0,"4":0,"5":0,"6":0,"7":1},"f":{"0":0,"1":0,"2":0,"3":0,"4":0},"b":{"0":[0],"1":[0],"2":[0],"3":[0]},"_coverageSchema":"1a1c01bbd47fc00a2c39e90264f33305004495a9","hash":"55de41cc9012d930dd03840b2cd919d49c5714c2"}
,"/Users/zhl/Desktop/R27_Class/W6-Node-Express/express-lunchly/routes.js": {"path":"/Users/zhl/Desktop/R27_Class/W6-Node-Express/express-lunchly/routes.js","statementMap":{"0":{"start":{"line":5,"column":16},"end":{"line":5,"column":34}},"1":{"start":{"line":7,"column":17},"end":{"line":7,"column":45}},"2":{"start":{"line":8,"column":20},"end":{"line":8,"column":51}},"3":{"start":{"line":10,"column":15},"end":{"line":10,"column":35}},"4":{"start":{"line":14,"column":0},"end":{"line":25,"column":3}},"5":{"start":{"line":22,"column":20},"end":{"line":22,"column":56}},"6":{"start":{"line":24,"column":2},"end":{"line":24,"column":57}},"7":{"start":{"line":29,"column":0},"end":{"line":31,"column":3}},"8":{"start":{"line":30,"column":2},"end":{"line":30,"column":46}},"9":{"start":{"line":35,"column":0},"end":{"line":41,"column":3}},"10":{"start":{"line":36,"column":48},"end":{"line":36,"column":56}},"11":{"start":{"line":37,"column":19},"end":{"line":37,"column":70}},"12":{"start":{"line":38,"column":2},"end":{"line":38,"column":24}},"13":{"start":{"line":40,"column":2},"end":{"line":40,"column":42}},"14":{"start":{"line":45,"column":0},"end":{"line":49,"column":3}},"15":{"start":{"line":46,"column":20},"end":{"line":46,"column":46}},"16":{"start":{"line":48,"column":2},"end":{"line":48,"column":60}},"17":{"start":{"line":54,"column":0},"end":{"line":60,"column":3}},"18":{"start":{"line":55,"column":19},"end":{"line":55,"column":52}},"19":{"start":{"line":57,"column":23},"end":{"line":57,"column":55}},"20":{"start":{"line":59,"column":2},"end":{"line":59,"column":72}},"21":{"start":{"line":64,"column":0},"end":{"line":68,"column":3}},"22":{"start":{"line":65,"column":19},"end":{"line":65,"column":52}},"23":{"start":{"line":67,"column":2},"end":{"line":67,"column":54}},"24":{"start":{"line":72,"column":0},"end":{"line":81,"column":3}},"25":{"start":{"line":73,"column":19},"end":{"line":73,"column":52}},"26":{"start":{"line":74,"column":2},"end":{"line":74,"column":42}},"27":{"start":{"line":75,"column":2},"end":{"line":75,"column":40}},"28":{"start":{"line":76,"column":2},"end":{"line":76,"column":34}},"29":{"start":{"line":77,"column":2},"end":{"line":77,"column":34}},"30":{"start":{"line":78,"column":2},"end":{"line":78,"column":24}},"31":{"start":{"line":80,"column":2},"end":{"line":80,"column":42}},"32":{"start":{"line":85,"column":0},"end":{"line":100,"column":3}},"33":{"start":{"line":86,"column":21},"end":{"line":86,"column":34}},"34":{"start":{"line":87,"column":18},"end":{"line":87,"column":44}},"35":{"start":{"line":88,"column":20},"end":{"line":88,"column":38}},"36":{"start":{"line":89,"column":16},"end":{"line":89,"column":30}},"37":{"start":{"line":91,"column":22},"end":{"line":96,"column":4}},"38":{"start":{"line":97,"column":2},"end":{"line":97,"column":27}},"39":{"start":{"line":99,"column":2},"end":{"line":99,"column":41}},"40":{"start":{"line":102,"column":0},"end":{"line":102,"column":24}}},"fnMap":{"0":{"name":"(anonymous_0)","decl":{"start":{"line":14,"column":16},"end":{"line":14,"column":17}},"loc":{"start":{"line":14,"column":48},"end":{"line":25,"column":1}},"line":14},"1":{"name":"(anonymous_1)","decl":{"start":{"line":29,"column":20},"end":{"line":29,"column":21}},"loc":{"start":{"line":29,"column":52},"end":{"line":31,"column":1}},"line":29},"2":{"name":"(anonymous_2)","decl":{"start":{"line":35,"column":21},"end":{"line":35,"column":22}},"loc":{"start":{"line":35,"column":53},"end":{"line":41,"column":1}},"line":35},"3":{"name":"(anonymous_3)","decl":{"start":{"line":45,"column":24},"end":{"line":45,"column":25}},"loc":{"start":{"line":45,"column":56},"end":{"line":49,"column":1}},"line":45},"4":{"name":"(anonymous_4)","decl":{"start":{"line":54,"column":20},"end":{"line":54,"column":21}},"loc":{"start":{"line":54,"column":52},"end":{"line":60,"column":1}},"line":54},"5":{"name":"(anonymous_5)","decl":{"start":{"line":64,"column":25},"end":{"line":64,"column":26}},"loc":{"start":{"line":64,"column":57},"end":{"line":68,"column":1}},"line":64},"6":{"name":"(anonymous_6)","decl":{"start":{"line":72,"column":26},"end":{"line":72,"column":27}},"loc":{"start":{"line":72,"column":58},"end":{"line":81,"column":1}},"line":72},"7":{"name":"(anonymous_7)","decl":{"start":{"line":85,"column":37},"end":{"line":85,"column":38}},"loc":{"start":{"line":85,"column":69},"end":{"line":100,"column":1}},"line":85}},"branchMap":{},"s":{"0":1,"1":1,"2":1,"3":1,"4":1,"5":2,"6":2,"7":1,"8":1,"9":1,"10":2,"11":2,"12":2,"13":1,"14":1,"15":1,"16":1,"17":1,"18":2,"19":1,"20":1,"21":1,"22":2,"23":1,"24":1,"25":3,"26":2,"27":2,"28":2,"29":2,"30":2,"31":1,"32":1,"33":2,"34":2,"35":2,"36":2,"37":2,"38":2,"39":1,"40":1},"f":{"0":2,"1":1,"2":2,"3":1,"4":2,"5":2,"6":3,"7":2},"b":{},"_coverageSchema":"1a1c01bbd47fc00a2c39e90264f33305004495a9","hash":"9380714b5842afae743d42e27087312e9ad5d387"}
,"/Users/zhl/Desktop/R27_Class/W6-Node-Express/express-lunchly/models/_testCommon.js": {"path":"/Users/zhl/Desktop/R27_Class/W6-Node-Express/express-lunchly/models/_testCommon.js","statementMap":{"0":{"start":{"line":3,"column":11},"end":{"line":3,"column":30}},"1":{"start":{"line":4,"column":22},"end":{"line":4,"column":24}},"2":{"start":{"line":5,"column":25},"end":{"line":5,"column":27}},"3":{"start":{"line":9,"column":2},"end":{"line":9,"column":45}},"4":{"start":{"line":11,"column":2},"end":{"line":11,"column":42}},"5":{"start":{"line":14,"column":30},"end":{"line":21,"column":3}},"6":{"start":{"line":23,"column":2},"end":{"line":23,"column":63}},"7":{"start":{"line":24,"column":2},"end":{"line":24,"column":63}},"8":{"start":{"line":25,"column":2},"end":{"line":25,"column":63}},"9":{"start":{"line":27,"column":33},"end":{"line":40,"column":6}},"10":{"start":{"line":42,"column":2},"end":{"line":42,"column":68}},"11":{"start":{"line":43,"column":2},"end":{"line":43,"column":68}},"12":{"start":{"line":48,"column":2},"end":{"line":48,"column":26}},"13":{"start":{"line":52,"column":2},"end":{"line":52,"column":29}},"14":{"start":{"line":56,"column":2},"end":{"line":56,"column":17}},"15":{"start":{"line":60,"column":0},"end":{"line":67,"column":2}}},"fnMap":{"0":{"name":"commonBeforeAll","decl":{"start":{"line":7,"column":15},"end":{"line":7,"column":30}},"loc":{"start":{"line":7,"column":33},"end":{"line":45,"column":1}},"line":7},"1":{"name":"commonBeforeEach","decl":{"start":{"line":47,"column":15},"end":{"line":47,"column":31}},"loc":{"start":{"line":47,"column":34},"end":{"line":49,"column":1}},"line":47},"2":{"name":"commonAfterEach","decl":{"start":{"line":51,"column":15},"end":{"line":51,"column":30}},"loc":{"start":{"line":51,"column":33},"end":{"line":53,"column":1}},"line":51},"3":{"name":"commonAfterAll","decl":{"start":{"line":55,"column":15},"end":{"line":55,"column":29}},"loc":{"start":{"line":55,"column":32},"end":{"line":57,"column":1}},"line":55}},"branchMap":{},"s":{"0":3,"1":3,"2":3,"3":3,"4":3,"5":3,"6":3,"7":3,"8":3,"9":3,"10":3,"11":3,"12":30,"13":30,"14":3,"15":3},"f":{"0":3,"1":30,"2":30,"3":3},"b":{},"_coverageSchema":"1a1c01bbd47fc00a2c39e90264f33305004495a9","hash":"07bfcdcefb64bc8d61ef825c3b1e94fb4822827d"}
,"/Users/zhl/Desktop/R27_Class/W6-Node-Express/express-lunchly/models/customer.js": {"path":"/Users/zhl/Desktop/R27_Class/W6-Node-Express/express-lunchly/models/customer.js","statementMap":{"0":{"start":{"line":5,"column":11},"end":{"line":5,"column":27}},"1":{"start":{"line":6,"column":20},"end":{"line":6,"column":44}},"2":{"start":{"line":12,"column":4},"end":{"line":12,"column":17}},"3":{"start":{"line":13,"column":4},"end":{"line":13,"column":31}},"4":{"start":{"line":14,"column":4},"end":{"line":14,"column":29}},"5":{"start":{"line":15,"column":4},"end":{"line":15,"column":23}},"6":{"start":{"line":16,"column":4},"end":{"line":16,"column":23}},"7":{"start":{"line":24,"column":4},"end":{"line":47,"column":5}},"8":{"start":{"line":25,"column":6},"end":{"line":35,"column":8}},"9":{"start":{"line":38,"column":6},"end":{"line":46,"column":8}},"10":{"start":{"line":49,"column":4},"end":{"line":49,"column":50}},"11":{"start":{"line":49,"column":33},"end":{"line":49,"column":48}},"12":{"start":{"line":55,"column":20},"end":{"line":64,"column":5}},"13":{"start":{"line":66,"column":21},"end":{"line":66,"column":36}},"14":{"start":{"line":68,"column":4},"end":{"line":72,"column":5}},"15":{"start":{"line":69,"column":18},"end":{"line":69,"column":54}},"16":{"start":{"line":70,"column":6},"end":{"line":70,"column":23}},"17":{"start":{"line":71,"column":6},"end":{"line":71,"column":16}},"18":{"start":{"line":74,"column":4},"end":{"line":74,"column":34}},"19":{"start":{"line":97,"column":20},"end":{"line":109,"column":5}},"20":{"start":{"line":110,"column":4},"end":{"line":110,"column":50}},"21":{"start":{"line":110,"column":33},"end":{"line":110,"column":48}},"22":{"start":{"line":116,"column":4},"end":{"line":116,"column":65}},"23":{"start":{"line":122,"column":4},"end":{"line":145,"column":5}},"24":{"start":{"line":123,"column":21},"end":{"line":128,"column":7}},"25":{"start":{"line":129,"column":6},"end":{"line":129,"column":34}},"26":{"start":{"line":131,"column":6},"end":{"line":144,"column":8}},"27":{"start":{"line":150,"column":4},"end":{"line":150,"column":48}},"28":{"start":{"line":155,"column":0},"end":{"line":155,"column":26}}},"fnMap":{"0":{"name":"(anonymous_0)","decl":{"start":{"line":11,"column":2},"end":{"line":11,"column":3}},"loc":{"start":{"line":11,"column":57},"end":{"line":17,"column":3}},"line":11},"1":{"name":"(anonymous_1)","decl":{"start":{"line":21,"column":2},"end":{"line":21,"column":3}},"loc":{"start":{"line":21,"column":31},"end":{"line":50,"column":3}},"line":21},"2":{"name":"(anonymous_2)","decl":{"start":{"line":49,"column":28},"end":{"line":49,"column":29}},"loc":{"start":{"line":49,"column":33},"end":{"line":49,"column":48}},"line":49},"3":{"name":"(anonymous_3)","decl":{"start":{"line":54,"column":2},"end":{"line":54,"column":3}},"loc":{"start":{"line":54,"column":23},"end":{"line":75,"column":3}},"line":54},"4":{"name":"(anonymous_4)","decl":{"start":{"line":96,"column":2},"end":{"line":96,"column":3}},"loc":{"start":{"line":96,"column":27},"end":{"line":111,"column":3}},"line":96},"5":{"name":"(anonymous_5)","decl":{"start":{"line":110,"column":28},"end":{"line":110,"column":29}},"loc":{"start":{"line":110,"column":33},"end":{"line":110,"column":48}},"line":110},"6":{"name":"(anonymous_6)","decl":{"start":{"line":115,"column":2},"end":{"line":115,"column":3}},"loc":{"start":{"line":115,"column":26},"end":{"line":117,"column":3}},"line":115},"7":{"name":"(anonymous_7)","decl":{"start":{"line":121,"column":2},"end":{"line":121,"column":3}},"loc":{"start":{"line":121,"column":15},"end":{"line":146,"column":3}},"line":121},"8":{"name":"(anonymous_8)","decl":{"start":{"line":149,"column":2},"end":{"line":149,"column":3}},"loc":{"start":{"line":149,"column":17},"end":{"line":151,"column":3}},"line":149}},"branchMap":{"0":{"loc":{"start":{"line":24,"column":4},"end":{"line":47,"column":5}},"type":"if","locations":[{"start":{"line":24,"column":4},"end":{"line":47,"column":5}},{"start":{"line":37,"column":11},"end":{"line":47,"column":5}}],"line":24},"1":{"loc":{"start":{"line":68,"column":4},"end":{"line":72,"column":5}},"type":"if","locations":[{"start":{"line":68,"column":4},"end":{"line":72,"column":5}},{"start":{},"end":{}}],"line":68},"2":{"loc":{"start":{"line":122,"column":4},"end":{"line":145,"column":5}},"type":"if","locations":[{"start":{"line":122,"column":4},"end":{"line":145,"column":5}},{"start":{"line":130,"column":11},"end":{"line":145,"column":5}}],"line":122}},"s":{"0":2,"1":2,"2":31,"3":31,"4":31,"5":31,"6":31,"7":7,"8":5,"9":2,"10":7,"11":10,"12":12,"13":12,"14":12,"15":5,"16":5,"17":5,"18":7,"19":3,"20":3,"21":6,"22":3,"23":6,"24":3,"25":2,"26":3,"27":19,"28":2},"f":{"0":31,"1":7,"2":10,"3":12,"4":3,"5":6,"6":3,"7":6,"8":19},"b":{"0":[5,2],"1":[5,7],"2":[3,3]},"_coverageSchema":"1a1c01bbd47fc00a2c39e90264f33305004495a9","hash":"e65098ae481e11fec9774474a532fa28c9576675"}
,"/Users/zhl/Desktop/R27_Class/W6-Node-Express/express-lunchly/models/reservation.js": {"path":"/Users/zhl/Desktop/R27_Class/W6-Node-Express/express-lunchly/models/reservation.js","statementMap":{"0":{"start":{"line":5,"column":15},"end":{"line":5,"column":32}},"1":{"start":{"line":7,"column":11},"end":{"line":7,"column":27}},"2":{"start":{"line":13,"column":4},"end":{"line":13,"column":17}},"3":{"start":{"line":14,"column":4},"end":{"line":14,"column":33}},"4":{"start":{"line":15,"column":4},"end":{"line":15,"column":31}},"5":{"start":{"line":16,"column":4},"end":{"line":16,"column":27}},"6":{"start":{"line":17,"column":4},"end":{"line":17,"column":23}},"7":{"start":{"line":23,"column":4},"end":{"line":23,"column":63}},"8":{"start":{"line":29,"column":20},"end":{"line":38,"column":5}},"9":{"start":{"line":40,"column":4},"end":{"line":40,"column":57}},"10":{"start":{"line":40,"column":35},"end":{"line":40,"column":55}},"11":{"start":{"line":46,"column":4},"end":{"line":69,"column":5}},"12":{"start":{"line":47,"column":21},"end":{"line":52,"column":7}},"13":{"start":{"line":53,"column":6},"end":{"line":53,"column":34}},"14":{"start":{"line":55,"column":6},"end":{"line":68,"column":8}},"15":{"start":{"line":73,"column":0},"end":{"line":73,"column":29}}},"fnMap":{"0":{"name":"(anonymous_0)","decl":{"start":{"line":12,"column":2},"end":{"line":12,"column":3}},"loc":{"start":{"line":12,"column":61},"end":{"line":18,"column":3}},"line":12},"1":{"name":"(anonymous_1)","decl":{"start":{"line":22,"column":2},"end":{"line":22,"column":3}},"loc":{"start":{"line":22,"column":24},"end":{"line":24,"column":3}},"line":22},"2":{"name":"(anonymous_2)","decl":{"start":{"line":28,"column":2},"end":{"line":28,"column":3}},"loc":{"start":{"line":28,"column":54},"end":{"line":41,"column":3}},"line":28},"3":{"name":"(anonymous_3)","decl":{"start":{"line":40,"column":28},"end":{"line":40,"column":29}},"loc":{"start":{"line":40,"column":35},"end":{"line":40,"column":55}},"line":40},"4":{"name":"(anonymous_4)","decl":{"start":{"line":45,"column":2},"end":{"line":45,"column":3}},"loc":{"start":{"line":45,"column":15},"end":{"line":70,"column":3}},"line":45}},"branchMap":{"0":{"loc":{"start":{"line":46,"column":4},"end":{"line":69,"column":5}},"type":"if","locations":[{"start":{"line":46,"column":4},"end":{"line":69,"column":5}},{"start":{"line":54,"column":11},"end":{"line":69,"column":5}}],"line":46}},"s":{"0":3,"1":3,"2":6,"3":6,"4":6,"5":6,"6":6,"7":1,"8":3,"9":3,"10":3,"11":3,"12":3,"13":2,"14":0,"15":3},"f":{"0":6,"1":1,"2":3,"3":3,"4":3},"b":{"0":[3,0]},"_coverageSchema":"1a1c01bbd47fc00a2c39e90264f33305004495a9","hash":"caf84bbf71d6a1eb20e09d2086943b37cbf93cb2"}
}
