TN:
SF:app.js
FN:26,(anonymous_0)
FN:31,(anonymous_1)
FNF:2
FNH:1
FNDA:0,(anonymous_0)
FNDA:6,(anonymous_1)
DA:5,1
DA:6,1
DA:7,1
DA:8,1
DA:9,1
DA:11,1
DA:14,1
DA:15,1
DA:17,1
DA:22,1
DA:26,1
DA:27,0
DA:31,1
DA:32,6
DA:33,6
DA:34,6
DA:35,6
DA:39,1
LF:18
LH:17
BRDA:32,0,0,6
BRDA:32,0,1,3
BRDA:34,1,0,0
BRDA:34,1,1,6
BRF:4
BRH:3
end_of_record
TN:
SF:db.js
FNF:0
FNH:0
DA:5,3
DA:7,3
DA:11,3
DA:15,3
DA:18,3
LF:5
LH:5
BRDA:7,0,0,3
BRDA:7,0,1,0
BRF:2
BRH:1
end_of_record
TN:
SF:expressError.js
FN:8,(anonymous_0)
FN:18,(anonymous_1)
FN:26,(anonymous_2)
FN:34,(anonymous_3)
FN:42,(anonymous_4)
FNF:5
FNH:0
FNDA:0,(anonymous_0)
FNDA:0,(anonymous_1)
FNDA:0,(anonymous_2)
FNDA:0,(anonymous_3)
FNDA:0,(anonymous_4)
DA:9,0
DA:10,0
DA:11,0
DA:19,0
DA:27,0
DA:35,0
DA:43,0
DA:47,1
LF:8
LH:1
BRDA:18,0,0,0
BRDA:26,1,0,0
BRDA:34,2,0,0
BRDA:42,3,0,0
BRF:4
BRH:0
end_of_record
TN:
SF:routes.js
FN:14,(anonymous_0)
FN:29,(anonymous_1)
FN:35,(anonymous_2)
FN:45,(anonymous_3)
FN:54,(anonymous_4)
FN:64,(anonymous_5)
FN:72,(anonymous_6)
FN:85,(anonymous_7)
FNF:8
FNH:8
FNDA:2,(anonymous_0)
FNDA:1,(anonymous_1)
FNDA:2,(anonymous_2)
FNDA:1,(anonymous_3)
FNDA:2,(anonymous_4)
FNDA:2,(anonymous_5)
FNDA:3,(anonymous_6)
FNDA:2,(anonymous_7)
DA:5,1
DA:7,1
DA:8,1
DA:10,1
DA:14,1
DA:22,2
DA:24,2
DA:29,1
DA:30,1
DA:35,1
DA:36,2
DA:37,2
DA:38,2
DA:40,1
DA:45,1
DA:46,1
DA:48,1
DA:54,1
DA:55,2
DA:57,1
DA:59,1
DA:64,1
DA:65,2
DA:67,1
DA:72,1
DA:73,3
DA:74,2
DA:75,2
DA:76,2
DA:77,2
DA:78,2
DA:80,1
DA:85,1
DA:86,2
DA:87,2
DA:88,2
DA:89,2
DA:91,2
DA:97,2
DA:99,1
DA:102,1
LF:41
LH:41
BRF:0
BRH:0
end_of_record
TN:
SF:models/_testCommon.js
FN:7,commonBeforeAll
FN:47,commonBeforeEach
FN:51,commonAfterEach
FN:55,commonAfterAll
FNF:4
FNH:4
FNDA:3,commonBeforeAll
FNDA:30,commonBeforeEach
FNDA:30,commonAfterEach
FNDA:3,commonAfterAll
DA:3,3
DA:4,3
DA:5,3
DA:9,3
DA:11,3
DA:14,3
DA:23,3
DA:24,3
DA:25,3
DA:27,3
DA:42,3
DA:43,3
DA:48,30
DA:52,30
DA:56,3
DA:60,3
LF:16
LH:16
BRF:0
BRH:0
end_of_record
TN:
SF:models/customer.js
FN:11,(anonymous_0)
FN:21,(anonymous_1)
FN:49,(anonymous_2)
FN:54,(anonymous_3)
FN:96,(anonymous_4)
FN:110,(anonymous_5)
FN:115,(anonymous_6)
FN:121,(anonymous_7)
FN:149,(anonymous_8)
FNF:9
FNH:9
FNDA:31,(anonymous_0)
FNDA:7,(anonymous_1)
FNDA:10,(anonymous_2)
FNDA:12,(anonymous_3)
FNDA:3,(anonymous_4)
FNDA:6,(anonymous_5)
FNDA:3,(anonymous_6)
FNDA:6,(anonymous_7)
FNDA:19,(anonymous_8)
DA:5,2
DA:6,2
DA:12,31
DA:13,31
DA:14,31
DA:15,31
DA:16,31
DA:24,7
DA:25,5
DA:38,2
DA:49,10
DA:55,12
DA:66,12
DA:68,12
DA:69,5
DA:70,5
DA:71,5
DA:74,7
DA:97,3
DA:110,6
DA:116,3
DA:122,6
DA:123,3
DA:129,2
DA:131,3
DA:150,19
DA:155,2
LF:27
LH:27
BRDA:24,0,0,5
BRDA:24,0,1,2
BRDA:68,1,0,5
BRDA:68,1,1,7
BRDA:122,2,0,3
BRDA:122,2,1,3
BRF:6
BRH:6
end_of_record
TN:
SF:models/reservation.js
FN:12,(anonymous_0)
FN:22,(anonymous_1)
FN:28,(anonymous_2)
FN:40,(anonymous_3)
FN:45,(anonymous_4)
FNF:5
FNH:5
FNDA:6,(anonymous_0)
FNDA:1,(anonymous_1)
FNDA:3,(anonymous_2)
FNDA:3,(anonymous_3)
FNDA:3,(anonymous_4)
DA:5,3
DA:7,3
DA:13,6
DA:14,6
DA:15,6
DA:16,6
DA:17,6
DA:23,1
DA:29,3
DA:40,3
DA:46,3
DA:47,3
DA:53,2
DA:55,0
DA:73,3
LF:15
LH:14
BRDA:46,0,0,3
BRDA:46,0,1,0
BRF:2
BRH:1
end_of_record
